<?xml version="1.0" encoding="UTF-8"?>
<!-- Generated by org.testng.reporters.JUnitXMLReporter -->
<testsuite hostname="DESKTOP-ONN44VL" ignored="0" name="Test" tests="5" failures="0" timestamp="22 Jan 2018 09:05:54 GMT" time="65.838" errors="0">
  <testcase name="TC01_ValidLoginCredentials" time="1.733" classname="testScripts.ValidateLoginPage"/>
  <testcase name="TC02_InValidLoginCredentials" time="6.3" classname="testScripts.ValidateLoginPage"/>
  <testcase name="TC_01_Positive" time="5.445" classname="testScripts.CreateNewCustomer"/>
  <testcase name="TC_02_Negative" time="4.501" classname="testScripts.CreateNewCustomer"/>
  <testcase name="TC_01" time="10.277" classname="testScripts.EditCustomer"/>
</testsuite> <!-- Test -->
