<?xml version="1.0" encoding="UTF-8"?>
<!-- Generated by org.testng.reporters.JUnitXMLReporter -->
<testsuite hostname="DESKTOP-ONN44VL" ignored="0" tests="1" failures="1" timestamp="30 Dec 2017 02:00:28 GMT" time="226.775" errors="0">
  <testcase name="Login" time="226.721" classname="LoginThroughDataDriven">
    <failure type="java.lang.NullPointerException">
      <![CDATA[java.lang.NullPointerExceptionat LoginThroughDataDriven.Login(LoginThroughDataDriven.java:50)... Removed 25 stack frames]]>
    </failure>
  </testcase> <!-- Login -->
</testsuite>
